{"level":"info","message":"GET /api/v1/categories 200 33ms","timestamp":"2024-02-19T10:45:30.389Z"}
{"level":"info","message":"GET /api/v1/categories 200 543ms","timestamp":"2024-02-19T10:47:29.197Z"}
{"level":"info","message":"POST /api/v1/brands 200 668ms","timestamp":"2024-02-19T10:49:44.566Z"}
{"level":"error","message":"POST /api/v1/brands 403 3ms","timestamp":"2024-02-19T10:50:18.347Z"}
{"level":"error","message":"POST /api/v1/brands 400 8ms","timestamp":"2024-02-19T10:51:24.872Z"}
error: POST /api/v1/brands 400 7ms
info: POST /api/v1/brands 200 331ms
info: POST /api/v1/brands 200 2176ms
info: POST /api/v1/brands 200 295ms
{"level":"info","message":"GET /api/v1/categories/brand/65d3431dd8fa1e2128b11198 200 2041ms","timestamp":"2024-02-19T14:38:42.292Z"}
{"level":"info","message":"GET /api/v1/brands 200 2664ms","timestamp":"2024-02-19T14:38:42.758Z"}
{"level":"info","message":"GET /api/v1/categories/brand/65d3431dd8fa1e2128b11198 200 285ms","timestamp":"2024-02-19T14:39:09.430Z"}
{"level":"info","message":"GET /api/v1/categories/brand/65d3431dd8fa1e2128b11198 200 269ms","timestamp":"2024-02-19T14:40:32.828Z"}
{"level":"info","message":"GET /api/v1/categories/brand/65d3431dd8fa1e2128b11198 200 275ms","timestamp":"2024-02-19T15:02:02.031Z"}
{"level":"info","message":"GET /api/v1/brands 200 970ms","timestamp":"2024-02-19T15:03:07.878Z"}
{"level":"info","message":"GET /api/v1/brands 200 538ms","timestamp":"2024-02-19T15:04:59.846Z"}
{"level":"info","message":"GET /api/v1/brands 200 530ms","timestamp":"2024-02-19T15:07:12.593Z"}
{"level":"info","message":"GET /api/v1/users?initData=true 200 275ms","timestamp":"2024-02-19T15:13:52.254Z"}
{"level":"info","message":"GET /api/v1/brands 200 548ms","timestamp":"2024-02-19T15:14:04.579Z"}
{"level":"info","message":"GET /api/v1/categories/brand/65d3431dd8fa1e2128b11198 200 270ms","timestamp":"2024-02-19T15:14:12.962Z"}
{"level":"info","message":"GET /api/v1/users?initData=true 200 265ms","timestamp":"2024-02-19T15:14:44.770Z"}
{"level":"info","message":"GET /api/v1/categories/brand/65d3431dd8fa1e2128b11198 200 262ms","timestamp":"2024-02-19T15:15:04.081Z"}
{"level":"info","message":"GET /api/v1/categories/brand/65d3431dd8fa1e2128b11198 200 268ms","timestamp":"2024-02-19T15:16:21.608Z"}
{"level":"info","message":"GET /api/v1/categories/brand/65d3431dd8fa1e2128b11198 200 265ms","timestamp":"2024-02-19T15:16:55.483Z"}
{"level":"info","message":"GET /api/v1/categories/brand/65d3431dd8fa1e2128b11198 200 263ms","timestamp":"2024-02-19T15:17:04.770Z"}
{"level":"info","message":"GET /api/v1/categories/brand/65d3431dd8fa1e2128b11198 200 260ms","timestamp":"2024-02-19T15:17:34.022Z"}
{"level":"info","message":"GET /api/v1/categories/brand/65d3431dd8fa1e2128b11198 200 277ms","timestamp":"2024-02-19T15:17:43.669Z"}
{"level":"info","message":"GET /api/v1/categories/brand/65d3431dd8fa1e2128b11198 200 280ms","timestamp":"2024-02-19T15:17:49.373Z"}
{"level":"info","message":"GET /api/v1/categories/brand/65d3431dd8fa1e2128b11198 200 261ms","timestamp":"2024-02-19T15:17:51.188Z"}
{"level":"info","message":"GET /api/v1/categories/brand/65d3431dd8fa1e2128b11198 200 276ms","timestamp":"2024-02-19T15:17:57.059Z"}
{"level":"info","message":"GET /api/v1/categories/brand/65d3431dd8fa1e2128b11198 200 267ms","timestamp":"2024-02-19T15:25:55.907Z"}
{"level":"info","message":"GET /api/v1/categories/brand/65d3431dd8fa1e2128b11198 200 263ms","timestamp":"2024-02-19T15:25:59.420Z"}
{"level":"info","message":"GET /api/v1/categories/brand/65d3431dd8fa1e2128b11198 200 266ms","timestamp":"2024-02-19T15:26:35.622Z"}
{"level":"info","message":"GET /api/v1/categories/brand/65d3431dd8fa1e2128b11198 200 256ms","timestamp":"2024-02-19T15:26:44.057Z"}
{"level":"info","message":"GET /api/v1/categories/brand/65d3431dd8fa1e2128b11198 200 264ms","timestamp":"2024-02-19T15:26:50.656Z"}
{"level":"info","message":"GET /api/v1/categories/brand/65d3431dd8fa1e2128b11198 200 268ms","timestamp":"2024-02-19T15:27:11.341Z"}
{"level":"info","message":"GET /api/v1/categories/brand/65d3431dd8fa1e2128b11198 200 263ms","timestamp":"2024-02-19T15:27:16.574Z"}
{"level":"info","message":"GET /api/v1/categories/brand/65d3431dd8fa1e2128b11198 200 270ms","timestamp":"2024-02-19T15:27:32.752Z"}
{"level":"info","message":"GET /api/v1/categories/brand/65d3431dd8fa1e2128b11198 200 260ms","timestamp":"2024-02-19T15:27:55.171Z"}
{"level":"info","message":"GET /api/v1/categories/brand/65d3431dd8fa1e2128b11198 200 258ms","timestamp":"2024-02-19T15:27:57.612Z"}
{"level":"info","message":"GET /api/v1/categories 200 31ms","timestamp":"2024-02-20T09:59:24.499Z"}
{"level":"error","message":"GET /api/v1/constants/service_units 404 4ms","timestamp":"2024-02-20T09:59:27.219Z"}
{"level":"error","message":"GET /api/v1/constants/service_units 404 2ms","timestamp":"2024-02-20T09:59:50.483Z"}
{"level":"info","message":"GET /api/v1/constants/service_units 200 8ms","timestamp":"2024-02-20T10:00:21.287Z"}
{"level":"error","message":"GET /favicon.ico 404 2ms","timestamp":"2024-02-20T10:00:21.434Z"}
{"level":"info","message":"GET /api/v1/constants/service_units 200 7ms","timestamp":"2024-02-20T10:11:33.046Z"}
{"level":"info","message":"GET /api/v1/constants/service_units 200 9ms","timestamp":"2024-02-20T10:12:03.156Z"}
{"level":"info","message":"GET /api/v1/constants/service_units 200 2ms","timestamp":"2024-02-20T10:12:17.499Z"}
