{"level":"error","message":"POST /api/v1/brands 403 3ms","timestamp":"2024-02-19T10:50:18.347Z"}
{"level":"error","message":"POST /api/v1/brands 400 8ms","timestamp":"2024-02-19T10:51:24.872Z"}
error: POST /api/v1/brands 400 7ms
{"level":"error","message":"GET /api/v1/constants/service_units 404 4ms","timestamp":"2024-02-20T09:59:27.219Z"}
{"level":"error","message":"GET /api/v1/constants/service_units 404 2ms","timestamp":"2024-02-20T09:59:50.483Z"}
{"level":"error","message":"GET /favicon.ico 404 2ms","timestamp":"2024-02-20T10:00:21.434Z"}
{"level":"error","message":"PUT /api/v1/offers/6 400 364ms","timestamp":"2024-02-27T04:19:58.232Z"}
{"level":"error","message":"PUT /api/v1/offers/6 400 9ms","timestamp":"2024-02-27T05:13:26.589Z"}
{"level":"error","message":"PUT /api/v1/offers/6 400 4ms","timestamp":"2024-02-27T05:16:59.407Z"}
{"level":"error","message":"PUT /api/v1/offers/6 400 4ms","timestamp":"2024-02-27T05:17:53.084Z"}
{"level":"error","message":"PUT /api/v1/offers/6 400 4ms","timestamp":"2024-02-27T05:21:55.399Z"}
{"level":"error","message":"PUT /api/v1/offers/6 400 2ms","timestamp":"2024-02-27T05:22:47.329Z"}
{"level":"error","message":"PUT /api/v1/offers/6 500 424ms","timestamp":"2024-02-27T05:24:28.259Z"}
{"level":"error","message":"PUT /api/v1/offers/6 500 836ms","timestamp":"2024-02-27T05:29:00.853Z"}
{"level":"error","message":"PUT /api/v1/offers/6 500 6ms","timestamp":"2024-02-27T05:30:05.863Z"}
{"level":"error","message":"PUT /api/v1/offers/6 500 42ms","timestamp":"2024-02-27T09:05:18.620Z"}
{"level":"error","message":"PUT /api/v1/offers/6 500 344ms","timestamp":"2024-02-27T09:06:50.472Z"}
{"level":"error","message":"GET /api/v1/offers/all 500 364ms","timestamp":"2024-02-29T06:05:50.996Z"}
{"level":"error","message":"GET /favicon.ico 404 74ms","timestamp":"2024-02-29T06:05:51.553Z"}
{"level":"error","message":"GET /api/v1/offers/all 403 7ms","timestamp":"2024-02-29T06:37:29.898Z"}
{"level":"error","message":"GET /api/v1/offers/all 403 2ms","timestamp":"2024-02-29T06:37:37.085Z"}
{"level":"error","message":"GET /api/v1/offers/all 403 2ms","timestamp":"2024-02-29T06:37:39.246Z"}
{"level":"error","message":"GET /api/v1/offers/all 403 1ms","timestamp":"2024-02-29T06:38:10.754Z"}
{"level":"error","message":"GET /api/v1/offers/all 403 3ms","timestamp":"2024-02-29T06:38:19.223Z"}
{"level":"error","message":"POST /login/ 404 2ms","timestamp":"2024-02-29T17:52:52.219Z"}
{"level":"error","message":"PUT /api/v1/offers/6 400 822ms","timestamp":"2024-03-01T04:52:11.388Z"}
{"level":"error","message":"GET /favicon.ico 404 2ms","timestamp":"2024-03-01T04:56:48.946Z"}
{"level":"error","message":"GET /favicon.ico 404 2ms","timestamp":"2024-03-04T14:04:23.645Z"}
{"level":"error","message":"GET /api/v1/users/exist?phone=+916205796058 500 10010ms","timestamp":"2024-03-04T14:05:41.164Z"}
{"level":"error","message":"GET /api/v1/users?initData=true 403 2ms","timestamp":"2024-03-08T07:09:55.662Z"}
{"level":"error","message":"POST /api/v1/collect/offers 404 1ms","timestamp":"2024-03-08T07:10:38.222Z"}
{"level":"error","message":"GET /api/v1/offers/all?&page=1&perPage=10 500 10018ms","timestamp":"2024-03-08T07:36:49.583Z"}
{"level":"error","message":"GET /api/v1/offers/65e83fede9a0df5f0ef0e3ed 500 10449ms","timestamp":"2024-03-08T07:36:52.649Z"}
{"level":"error","message":"POST /api/v1/collect/offers 404 6ms","timestamp":"2024-03-08T07:37:26.151Z"}
{"level":"error","message":"POST /api/v1/collect/offers 500 363ms","timestamp":"2024-03-08T07:46:53.874Z"}
{"level":"error","message":"POST /api/v1/collect/offers 500 354ms","timestamp":"2024-03-08T07:50:23.619Z"}
{"level":"error","message":"POST /api/v1/collect/offers 500 748ms","timestamp":"2024-03-08T07:51:27.744Z"}
{"level":"error","message":"POST /api/v1/collect/offers 500 359ms","timestamp":"2024-03-08T07:53:21.309Z"}
{"level":"error","message":"POST /api/v1/collect/offers 500 396ms","timestamp":"2024-03-08T07:54:35.161Z"}
{"level":"error","message":"GET /api/v1/offers/65e83fede9a0df5f0ef0e3ed?location=true 500 622ms","timestamp":"2024-03-08T12:02:59.926Z"}
{"level":"error","message":"GET /api/v1/offers/65e83fede9a0df5f0ef0e3ed?location=true 500 3884ms","timestamp":"2024-03-08T12:03:24.368Z"}
{"level":"error","message":"POST /api/v1/user/fcm/token 404 32ms","timestamp":"2024-03-09T16:23:11.026Z"}
{"level":"error","message":"GET /api/v1/user 404 3ms","timestamp":"2024-03-09T16:23:11.034Z"}
{"level":"error","message":"POST /api/v1/user/fcm/token 404 2ms","timestamp":"2024-03-09T16:23:51.555Z"}
{"level":"error","message":"GET /api/v1/user 404 2ms","timestamp":"2024-03-09T16:23:54.900Z"}
{"level":"error","message":"GET /favicon.ico 404 1ms","timestamp":"2024-03-10T09:13:14.969Z"}
{"level":"error","message":"GET /api/v1/offers/65e83fede9a0df5f0ef0e3ed?location=true 500 3373ms","timestamp":"2024-03-10T09:14:08.214Z"}
{"level":"error","message":"GET /api/v1/test 404 7ms","timestamp":"2024-03-13T10:15:27.199Z"}
{"level":"error","message":"GET /favicon.ico 404 1ms","timestamp":"2024-03-13T10:15:27.544Z"}
{"level":"error","message":"POST /api/v2/categories 404 4ms","timestamp":"2024-03-16T07:50:16.884Z"}
{"level":"error","message":"POST /api/v2/categories 404 9ms","timestamp":"2024-03-16T07:52:29.175Z"}
{"level":"error","message":"POST /api/v2/categories 404 3ms","timestamp":"2024-03-16T07:52:44.902Z"}
{"level":"error","message":"POST /api/v2/categories 400 8ms","timestamp":"2024-03-16T07:53:25.350Z"}
{"level":"error","message":"POST /api/v2/categories 400 9ms","timestamp":"2024-03-16T07:56:42.288Z"}
{"level":"error","message":"POST /api/v2/categories 400 8ms","timestamp":"2024-03-16T07:57:15.783Z"}
{"level":"error","message":"POST /api/v2/categories 400 8ms","timestamp":"2024-03-16T07:57:48.928Z"}
{"level":"error","message":"POST /api/v2/categories 500 60ms","timestamp":"2024-03-16T07:58:06.804Z"}
{"level":"error","message":"GET /static/fd78bd1c-c5b2-4189-98c3-e5c87c917f45-img1_.jpg 404 4ms","timestamp":"2024-03-16T08:01:19.522Z"}
{"level":"error","message":"GET /favicon.ico 404 2ms","timestamp":"2024-03-16T08:01:27.673Z"}
{"level":"error","message":"GET /static/fd78bd1c-c5b2-4189-98c3-e5c87c917f45-img1_.jpg 404 4ms","timestamp":"2024-03-16T08:29:20.286Z"}
{"level":"error","message":"GET /favicon.ico 404 2ms","timestamp":"2024-03-18T04:46:07.459Z"}
{"level":"error","message":"GET /favicon.ico 404 5ms","timestamp":"2024-03-18T07:21:44.506Z"}
{"level":"error","message":"GET /api/v1/offers/all?offerStatus=draft&page=1&perPage=10 403 11ms","timestamp":"2024-03-19T12:11:09.215Z"}
{"level":"error","message":"GET /api/v1/brands/all 403 51ms","timestamp":"2024-03-20T06:06:22.901Z"}
{"level":"error","message":"GET /favicon.ico 404 3ms","timestamp":"2024-03-20T06:06:23.628Z"}
{"level":"error","message":"GET /api/v1/brands/all 500 353ms","timestamp":"2024-03-20T06:07:57.983Z"}
{"level":"error","message":"GET /api/v1/offers/all?offerStatus=draft&page=1&perPage=10 401 570ms","timestamp":"2024-03-20T06:59:00.096Z"}
{"level":"error","message":"GET /api/v1/offers/csv 403 9ms","timestamp":"2024-03-21T14:30:12.518Z"}
{"level":"error","message":"GET /favicon.ico 404 2ms","timestamp":"2024-03-21T14:30:12.973Z"}
{"level":"error","message":"GET /api/v1/offers/csv 403 7ms","timestamp":"2024-03-21T14:30:31.935Z"}
{"level":"error","message":"GET /api/v1/offers/csv 403 4ms","timestamp":"2024-03-21T14:30:35.139Z"}
{"level":"error","message":"GET /api/v1/offers/csv 403 3ms","timestamp":"2024-03-21T14:30:37.207Z"}
{"level":"error","message":"GET /api/v1/offers/csv 403 3ms","timestamp":"2024-03-21T14:30:55.186Z"}
{"level":"error","message":"GET /api/v1/offers/csv 403 5ms","timestamp":"2024-03-21T14:31:42.161Z"}
{"level":"error","message":"GET /api/v1/offers/csv 403 6ms","timestamp":"2024-03-21T14:31:47.408Z"}
{"level":"error","message":"GET /api/v1/offers/csv 500 12ms","timestamp":"2024-03-21T14:32:17.970Z"}
{"level":"error","message":"GET /api/v1/offers/csv 500 1282ms","timestamp":"2024-03-21T14:33:34.629Z"}
{"level":"error","message":"GET /api/v1/brands/csv 403 5ms","timestamp":"2024-03-21T14:43:14.602Z"}
{"level":"error","message":"GET /favicon.ico 404 5ms","timestamp":"2024-03-28T04:50:59.948Z"}
{"level":"error","message":"GET /api/v1/offers/all 403 7ms","timestamp":"2024-03-29T05:40:57.458Z"}
{"level":"error","message":"GET /favicon.ico 404 5ms","timestamp":"2024-03-29T05:40:57.676Z"}
{"level":"error","message":"GET /favicon.ico 404 2ms","timestamp":"2024-03-29T05:41:39.506Z"}
{"level":"error","message":"GET /api/v1/categories 403 7ms","timestamp":"2024-03-29T13:13:21.236Z"}
{"level":"error","message":"GET /api/v1/store-categories? 404 60ms","timestamp":"2024-03-31T16:00:55.384Z"}
{"level":"error","message":"POST /test 500 30ms","timestamp":"2024-03-31T16:31:51.493Z"}
{"level":"error","message":"GET /api/v2/deposit 404 3ms","timestamp":"2024-04-10T05:43:13.466Z"}
{"level":"error","message":"POST /api/v2/deposit 500 509ms","timestamp":"2024-04-10T05:43:36.560Z"}
{"level":"error","message":"POST /api/v2/deposit 500 448ms","timestamp":"2024-04-10T05:44:56.733Z"}
{"level":"error","message":"POST /api/v2/deposit 500 568ms","timestamp":"2024-04-10T06:04:49.468Z"}
{"level":"error","message":"POST /api/v2/deposit 500 391ms","timestamp":"2024-04-10T06:05:11.105Z"}
{"level":"error","message":"POST /api/v2/deposit 500 713ms","timestamp":"2024-04-10T06:06:48.261Z"}
{"level":"error","message":"POST /api/v2/deposit 500 444ms","timestamp":"2024-04-10T06:07:17.447Z"}
{"level":"error","message":"POST /api/v2/deposit 500 484ms","timestamp":"2024-04-10T06:07:58.119Z"}
{"level":"error","message":"POST /api/v2/deposit 500 268ms","timestamp":"2024-04-10T06:08:10.212Z"}
{"level":"error","message":"POST /api/v2/deposit 500 506ms","timestamp":"2024-04-10T11:37:35.411Z"}
{"level":"error","message":"POST /api/v2/deposit 500 476ms","timestamp":"2024-04-10T11:42:00.810Z"}
{"level":"error","message":"POST /api/v2/quantities 500 29ms","timestamp":"2024-04-30T11:18:35.531Z"}
{"level":"error","message":"POST /api/v2/quantities 500 61ms","timestamp":"2024-04-30T11:20:18.079Z"}
{"level":"error","message":"POST /api/v2/quantities 500 133ms","timestamp":"2024-04-30T11:20:20.708Z"}
{"level":"error","message":"POST /api/v2/quantities 500 54ms","timestamp":"2024-04-30T11:22:04.419Z"}
{"level":"error","message":"POST /api/v2/quantities 500 270ms","timestamp":"2024-04-30T11:23:10.747Z"}
{"level":"error","message":"POST /api/v2/quantities 500 278ms","timestamp":"2024-04-30T11:23:13.006Z"}
{"level":"error","message":"POST /api/v2/quantities 500 7140ms","timestamp":"2024-04-30T11:25:31.572Z"}
{"level":"error","message":"POST /api/v2/quantities 400 511ms","timestamp":"2024-04-30T11:26:07.425Z"}
{"level":"error","message":"POST /api/v2/brand/outlet 404 5ms","timestamp":"2024-05-03T05:43:28.552Z"}
{"level":"error","message":"POST /api/v2/brand/outlet 400 2ms","timestamp":"2024-05-03T05:44:35.694Z"}
{"level":"error","message":"POST /api/v2/brand/outlet 400 1ms","timestamp":"2024-05-03T05:45:03.319Z"}
{"level":"error","message":"POST /api/v2/brand/outlet 400 5ms","timestamp":"2024-05-03T05:46:15.133Z"}
{"level":"error","message":"POST /api/v2/brand/outlet 400 5ms","timestamp":"2024-05-03T05:51:36.120Z"}
{"level":"error","message":"POST /api/v2/brand/outlet 400 2ms","timestamp":"2024-05-03T05:51:55.845Z"}
{"level":"error","message":"GET /api/docs 404 12ms","timestamp":"2024-05-03T11:21:27.676Z"}
{"level":"error","message":"GET /api-docs/ 404 6ms","timestamp":"2024-05-03T11:26:29.244Z"}
{"level":"error","message":"POST /api/v1//ai/weo/chat 500 806ms","timestamp":"2024-05-06T07:11:57.785Z"}
{"level":"error","message":"POST /api/v1//ai/weo/chat 500 1197ms","timestamp":"2024-05-06T07:14:36.038Z"}
{"level":"error","message":"POST /api/v1/ai/images 500 7ms","timestamp":"2024-05-06T14:23:48.721Z"}
{"level":"error","message":"POST /api/v1/ai/images 500 2729ms","timestamp":"2024-05-06T14:25:53.241Z"}
{"level":"error","message":"POST /api/v1/ai/images 500 3669ms","timestamp":"2024-05-06T14:50:19.739Z"}
{"level":"error","message":"POST /api/v1//ai/weo/chat 403 3ms","timestamp":"2024-05-06T14:50:50.566Z"}
{"level":"error","message":"POST /api/v1//ai/images 500 4ms","timestamp":"2024-05-06T14:51:58.064Z"}
{"level":"error","message":"POST /api/v1//ai/images 500 3994ms","timestamp":"2024-05-06T14:52:53.465Z"}
{"level":"error","message":"POST /api/v1//ai/weo/chat 403 3ms","timestamp":"2024-05-07T04:35:11.338Z"}
{"level":"error","message":"POST /api/v1//ai/weo/chat 403 3ms","timestamp":"2024-05-07T04:35:27.006Z"}
{"level":"error","message":"GET /api/v2/brands 403 2ms","timestamp":"2024-05-07T11:22:46.487Z"}
{"level":"error","message":"GET /api/v2/brands 500 6ms","timestamp":"2024-05-07T11:23:12.105Z"}
{"level":"error","message":"GET /api/v2/brands/i12 500 4ms","timestamp":"2024-05-07T11:24:33.682Z"}
{"level":"error","message":"GET /api/v2/brands/i12/outlets 500 2ms","timestamp":"2024-05-07T11:24:46.725Z"}
{"level":"error","message":"GET /api/v2/brands/i12/outlets 500 7ms","timestamp":"2024-05-07T11:25:21.261Z"}
{"level":"error","message":"GET /api/v2/brands/i12 500 4ms","timestamp":"2024-05-07T11:25:35.303Z"}
{"level":"error","message":"GET /api/v2/brands/i12 500 7ms","timestamp":"2024-05-07T11:26:15.333Z"}
{"level":"error","message":"GET /api/v2/brands/i12/outlets 500 2ms","timestamp":"2024-05-07T11:26:23.199Z"}
{"level":"error","message":"POST /api/v1//ai/weo/chat 403 10ms","timestamp":"2024-05-09T04:24:28.194Z"}
{"level":"error","message":"POST /api/v1//ai/image 404 1ms","timestamp":"2024-05-09T04:24:48.578Z"}
{"level":"error","message":"POST /api/v1/ai/image 404 0ms","timestamp":"2024-05-09T04:24:54.000Z"}
{"level":"error","message":"POST /api/v1/ai/images 500 3520ms","timestamp":"2024-05-09T04:25:17.415Z"}
{"level":"error","message":"POST /api/v1/ai/images 500 2731ms","timestamp":"2024-05-09T04:35:09.641Z"}
{"level":"error","message":"POST /api/v1/ai/weo/chat 403 3ms","timestamp":"2024-05-09T07:05:13.253Z"}
